<?xml version="1.0" encoding="UTF-8"?>
<!-- Generated by org.testng.reporters.JUnitReportReporter -->
<testsuite skipped="0" hostname="NAGU-PC" name="com.GitTrail.GitTut" tests="1" failures="0" timestamp="26 Jul 2020 11:20:21 GMT" time="0.028" errors="0">
  <testcase name="login" time="0.028" classname="com.GitTrail.GitTut"/>
</testsuite> <!-- com.GitTrail.GitTut -->
